⚠ [1379/1436] Replayed Littlewood.Basic.OmegaNotation
warning: Littlewood/Basic/OmegaNotation.lean:78:8: declaration uses 'sorry'
warning: Littlewood/Basic/OmegaNotation.lean:82:8: declaration uses 'sorry'
warning: Littlewood/Basic/OmegaNotation.lean:86:8: declaration uses 'sorry'
warning: Littlewood/Basic/OmegaNotation.lean:90:8: declaration uses 'sorry'
warning: Littlewood/Basic/OmegaNotation.lean:102:8: declaration uses 'sorry'
warning: Littlewood/Basic/OmegaNotation.lean:107:8: declaration uses 'sorry'
warning: Littlewood/Basic/OmegaNotation.lean:112:8: declaration uses 'sorry'
warning: Littlewood/Basic/OmegaNotation.lean:132:8: declaration uses 'sorry'
warning: Littlewood/Basic/OmegaNotation.lean:137:8: declaration uses 'sorry'
⚠ [1967/2298] Replayed Littlewood.Basic.ChebyshevFunctions
warning: Littlewood/Basic/ChebyshevFunctions.lean:41:8: declaration uses 'sorry'
warning: Littlewood/Basic/ChebyshevFunctions.lean:44:8: declaration uses 'sorry'
warning: Littlewood/Basic/ChebyshevFunctions.lean:55:8: declaration uses 'sorry'
warning: Littlewood/Basic/ChebyshevFunctions.lean:66:8: declaration uses 'sorry'
warning: Littlewood/Basic/ChebyshevFunctions.lean:67:8: declaration uses 'sorry'
warning: Littlewood/Basic/ChebyshevFunctions.lean:68:8: declaration uses 'sorry'
warning: Littlewood/Basic/ChebyshevFunctions.lean:71:8: declaration uses 'sorry'
warning: Littlewood/Basic/ChebyshevFunctions.lean:72:8: declaration uses 'sorry'
⚠ [2577/2724] Replayed Littlewood.Basic.LogarithmicIntegral
warning: Littlewood/Basic/LogarithmicIntegral.lean:84:8: declaration uses 'sorry'
warning: Littlewood/Basic/LogarithmicIntegral.lean:87:8: declaration uses 'sorry'
warning: Littlewood/Basic/LogarithmicIntegral.lean:107:8: declaration uses 'sorry'
warning: Littlewood/Basic/LogarithmicIntegral.lean:114:8: declaration uses 'sorry'
warning: Littlewood/Basic/LogarithmicIntegral.lean:128:8: declaration uses 'sorry'
warning: Littlewood/Basic/LogarithmicIntegral.lean:134:8: declaration uses 'sorry'
warning: Littlewood/Basic/LogarithmicIntegral.lean:139:8: declaration uses 'sorry'
warning: Littlewood/Basic/LogarithmicIntegral.lean:144:8: declaration uses 'sorry'
warning: Littlewood/Basic/LogarithmicIntegral.lean:156:8: declaration uses 'sorry'
warning: Littlewood/Basic/LogarithmicIntegral.lean:161:8: declaration uses 'sorry'
warning: Littlewood/Basic/LogarithmicIntegral.lean:166:8: declaration uses 'sorry'
warning: Littlewood/Basic/LogarithmicIntegral.lean:177:8: declaration uses 'sorry'
warning: Littlewood/Basic/LogarithmicIntegral.lean:181:8: declaration uses 'sorry'
warning: Littlewood/Basic/LogarithmicIntegral.lean:197:8: declaration uses 'sorry'
warning: Littlewood/Basic/LogarithmicIntegral.lean:202:8: declaration uses 'sorry'
warning: Littlewood/Basic/LogarithmicIntegral.lean:207:8: declaration uses 'sorry'
warning: Littlewood/Basic/LogarithmicIntegral.lean:211:8: declaration uses 'sorry'
⚠ [3289/3308] Replayed Littlewood.ZetaZeros.ZeroCountingFunction
warning: Littlewood/ZetaZeros/ZeroCountingFunction.lean:58:4: try 'simp' instead of 'simpa'

Note: This linter can be disabled with `set_option linter.unnecessarySimpa false`
warning: Littlewood/ZetaZeros/ZeroCountingFunction.lean:95:26: try 'simp' instead of 'simpa'

Note: This linter can be disabled with `set_option linter.unnecessarySimpa false`
warning: Littlewood/ZetaZeros/ZeroCountingFunction.lean:100:26: try 'simp' instead of 'simpa'

Note: This linter can be disabled with `set_option linter.unnecessarySimpa false`
warning: Littlewood/ZetaZeros/ZeroCountingFunction.lean:125:6: try 'simp' instead of 'simpa'

Note: This linter can be disabled with `set_option linter.unnecessarySimpa false`
warning: Littlewood/ZetaZeros/ZeroCountingFunction.lean:135:8: try 'simp' instead of 'simpa'

Note: This linter can be disabled with `set_option linter.unnecessarySimpa false`
warning: Littlewood/ZetaZeros/ZeroCountingFunction.lean:136:6: try 'simp' instead of 'simpa'

Note: This linter can be disabled with `set_option linter.unnecessarySimpa false`
warning: Littlewood/ZetaZeros/ZeroCountingFunction.lean:148:41: This simp argument is unused:
  logDeriv_id

Hint: Omit it from the simp argument list.
  simp [hmul1, logDeriv_sub_const, l̵o̵g̵D̵e̵r̵i̵v̵_̵i̵d̵,̵ ̵add_assoc]

Note: This linter can be disabled with `set_option linter.unusedSimpArgs false`
warning: Littlewood/ZetaZeros/ZeroCountingFunction.lean:157:6: try 'simp' instead of 'simpa'

Note: This linter can be disabled with `set_option linter.unnecessarySimpa false`
warning: Littlewood/ZetaZeros/ZeroCountingFunction.lean:169:6: try 'simp' instead of 'simpa'

Note: This linter can be disabled with `set_option linter.unnecessarySimpa false`
warning: Littlewood/ZetaZeros/ZeroCountingFunction.lean:279:6: try 'simp' instead of 'simpa'

Note: This linter can be disabled with `set_option linter.unnecessarySimpa false`
warning: Littlewood/ZetaZeros/ZeroCountingFunction.lean:279:65: 'exact one_ne_zero' tactic does nothing

Note: This linter can be disabled with `set_option linter.unusedTactic false`
warning: Littlewood/ZetaZeros/ZeroCountingFunction.lean:279:65: this tactic is never executed

Note: This linter can be disabled with `set_option linter.unreachableTactic false`
warning: Littlewood/ZetaZeros/ZeroCountingFunction.lean:310:4: try 'simp' instead of 'simpa'

Note: This linter can be disabled with `set_option linter.unnecessarySimpa false`
warning: Littlewood/ZetaZeros/ZeroCountingFunction.lean:323:6: try 'simp' instead of 'simpa'

Note: This linter can be disabled with `set_option linter.unnecessarySimpa false`
warning: Littlewood/ZetaZeros/ZeroCountingFunction.lean:345:30: try 'simp' instead of 'simpa'

Note: This linter can be disabled with `set_option linter.unnecessarySimpa false`
warning: Littlewood/ZetaZeros/ZeroCountingFunction.lean:421:18: try 'simp' instead of 'simpa'

Note: This linter can be disabled with `set_option linter.unnecessarySimpa false`
warning: Littlewood/ZetaZeros/ZeroCountingFunction.lean:802:38: This simp argument is unused:
  mul_left_comm

Hint: Omit it from the simp argument list.
  simp [div_eq_mul_inv, mul_comm, mul_l̵e̵f̵t̵_̵c̵o̵m̵m̵,̵ ̵m̵u̵l̵_̵assoc]

Note: This linter can be disabled with `set_option linter.unusedSimpArgs false`
warning: Littlewood/ZetaZeros/ZeroCountingFunction.lean:802:53: This simp argument is unused:
  mul_assoc

Hint: Omit it from the simp argument list.
  simp [div_eq_mul_inv, mul_comm, mul_left_comm,̵ ̵m̵u̵l̵_̵a̵s̵s̵o̵c̵]

Note: This linter can be disabled with `set_option linter.unusedSimpArgs false`
warning: Littlewood/ZetaZeros/ZeroCountingFunction.lean:1031:30: This simp argument is unused:
  mul_add

Hint: Omit it from the simp argument list.
  simp [m̵u̵l̵_̵add,̵ ̵a̵d̵d̵_mul, mul_assoc, add_comm, add_left_comm, add_assoc]

Note: This linter can be disabled with `set_option linter.unusedSimpArgs false`
warning: Littlewood/ZetaZeros/ZeroCountingFunction.lean:1031:69: This simp argument is unused:
  add_left_comm

Hint: Omit it from the simp argument list.
  simp [mul_add, add_mul, mul_assoc, add_comm, a̵d̵d̵_̵l̵e̵f̵t̵_̵c̵o̵m̵m̵,̵ ̵add_assoc]

Note: This linter can be disabled with `set_option linter.unusedSimpArgs false`
warning: Littlewood/ZetaZeros/ZeroCountingFunction.lean:1031:84: This simp argument is unused:
  add_assoc

Hint: Omit it from the simp argument list.
  simp [mul_add, add_mul, mul_assoc, add_comm, add_left_comm,̵ ̵a̵d̵d̵_̵a̵s̵s̵o̵c̵]

Note: This linter can be disabled with `set_option linter.unusedSimpArgs false`
warning: Littlewood/ZetaZeros/ZeroCountingFunction.lean:1331:10: try 'simp' instead of 'simpa'

Note: This linter can be disabled with `set_option linter.unnecessarySimpa false`
warning: Littlewood/ZetaZeros/ZeroCountingFunction.lean:1324:47: This simp argument is unused:
  add_left_comm

Hint: Omit it from the simp argument list.
  simp [sub_eq_add_neg, add_assoc, a̵d̵d̵_̵l̵e̵f̵t̵_̵c̵o̵m̵m̵,̵ ̵add_comm]

Note: This linter can be disabled with `set_option linter.unusedSimpArgs false`
warning: Littlewood/ZetaZeros/ZeroCountingFunction.lean:1326:29: This simp argument is unused:
  add_assoc

Hint: Omit it from the simp argument list.
  simp [mul_sub, add_a̵s̵s̵o̵c̵,̵ ̵a̵d̵d̵_̵left_comm, add_comm]

Note: This linter can be disabled with `set_option linter.unusedSimpArgs false`
warning: Littlewood/ZetaZeros/ZeroCountingFunction.lean:1326:40: This simp argument is unused:
  add_left_comm

Hint: Omit it from the simp argument list.
  simp [mul_sub, add_assoc, a̵d̵d̵_̵l̵e̵f̵t̵_̵c̵o̵m̵m̵,̵ ̵add_comm]

Note: This linter can be disabled with `set_option linter.unusedSimpArgs false`
warning: Littlewood/ZetaZeros/ZeroCountingFunction.lean:1349:14: This simp argument is unused:
  mul_sub

Hint: Omit it from the simp argument list.
  simp [mul_s̵u̵b̵,̵ ̵m̵u̵l̵_̵add, mul_one, sub_eq_add_neg, add_assoc, add_left_comm, add_comm]

Note: This linter can be disabled with `set_option linter.unusedSimpArgs false`
warning: Littlewood/ZetaZeros/ZeroCountingFunction.lean:1349:57: This simp argument is unused:
  add_assoc

Hint: Omit it from the simp argument list.
  simp [mul_sub, mul_add, mul_one, sub_eq_add_neg, add_a̵s̵s̵o̵c̵,̵ ̵a̵d̵d̵_̵left_comm, add_comm]

Note: This linter can be disabled with `set_option linter.unusedSimpArgs false`
warning: Littlewood/ZetaZeros/ZeroCountingFunction.lean:1475:22: This simp argument is unused:
  add_assoc

Hint: Omit it from the simp argument list.
  simp [add_a̵s̵s̵o̵c̵,̵ ̵a̵d̵d̵_̵left_comm, add_comm]

Note: This linter can be disabled with `set_option linter.unusedSimpArgs false`
warning: Littlewood/ZetaZeros/ZeroCountingFunction.lean:1570:35: try 'simp' instead of 'simpa'

Note: This linter can be disabled with `set_option linter.unnecessarySimpa false`
warning: Littlewood/ZetaZeros/ZeroCountingFunction.lean:1577:10: try 'simp' instead of 'simpa'

Note: This linter can be disabled with `set_option linter.unnecessarySimpa false`
warning: Littlewood/ZetaZeros/ZeroCountingFunction.lean:1580:10: try 'simp' instead of 'simpa'

Note: This linter can be disabled with `set_option linter.unnecessarySimpa false`
warning: Littlewood/ZetaZeros/ZeroCountingFunction.lean:1594:4: try 'simp' instead of 'simpa'

Note: This linter can be disabled with `set_option linter.unnecessarySimpa false`
warning: Littlewood/ZetaZeros/ZeroCountingFunction.lean:1728:36: This simp argument is unused:
  add_left_comm

Hint: Omit it from the simp argument list.
  simp [sub_eq_add_neg, add_comm, a̵d̵d̵_̵l̵e̵f̵t̵_̵c̵o̵m̵m̵,̵ ̵add_assoc]

Note: This linter can be disabled with `set_option linter.unusedSimpArgs false`
warning: Littlewood/ZetaZeros/ZeroCountingFunction.lean:1728:51: This simp argument is unused:
  add_assoc

Hint: Omit it from the simp argument list.
  simp [sub_eq_add_neg, add_comm, add_left_comm,̵ ̵a̵d̵d̵_̵a̵s̵s̵o̵c̵]

Note: This linter can be disabled with `set_option linter.unusedSimpArgs false`
⚠ [3290/3308] Replayed Littlewood.ZetaZeros.ZeroDensity
warning: Littlewood/ZetaZeros/ZeroDensity.lean:44:8: declaration uses 'sorry'
warning: Littlewood/ZetaZeros/ZeroDensity.lean:53:8: declaration uses 'sorry'
warning: Littlewood/ZetaZeros/ZeroDensity.lean:64:8: declaration uses 'sorry'
warning: Littlewood/ZetaZeros/ZeroDensity.lean:69:8: declaration uses 'sorry'
warning: Littlewood/ZetaZeros/ZeroDensity.lean:84:8: declaration uses 'sorry'
warning: Littlewood/ZetaZeros/ZeroDensity.lean:90:8: declaration uses 'sorry'
warning: Littlewood/ZetaZeros/ZeroDensity.lean:100:22: unused variable `T`

Note: This linter can be disabled with `set_option linter.unusedVariables false`
warning: Littlewood/ZetaZeros/ZeroDensity.lean:115:8: declaration uses 'sorry'
warning: Littlewood/ZetaZeros/ZeroDensity.lean:127:8: declaration uses 'sorry'
warning: Littlewood/ZetaZeros/ZeroDensity.lean:138:8: declaration uses 'sorry'
warning: Littlewood/ZetaZeros/ZeroDensity.lean:144:8: declaration uses 'sorry'
warning: Littlewood/ZetaZeros/ZeroDensity.lean:157:31: unused variable `hRH`

Note: This linter can be disabled with `set_option linter.unusedVariables false`
warning: Littlewood/ZetaZeros/ZeroDensity.lean:168:8: declaration uses 'sorry'
warning: Littlewood/ZetaZeros/ZeroDensity.lean:175:8: declaration uses 'sorry'
warning: Littlewood/ZetaZeros/ZeroDensity.lean:186:35: unused variable `hT`

Note: This linter can be disabled with `set_option linter.unusedVariables false`
warning: Littlewood/ZetaZeros/ZeroDensity.lean:193:8: declaration uses 'sorry'
⚠ [3291/3308] Replayed Littlewood.ZetaZeros.SupremumRealPart
warning: Littlewood/ZetaZeros/SupremumRealPart.lean:68:8: declaration uses 'sorry'
warning: Littlewood/ZetaZeros/SupremumRealPart.lean:87:8: declaration uses 'sorry'
warning: Littlewood/ZetaZeros/SupremumRealPart.lean:93:8: declaration uses 'sorry'
warning: Littlewood/ZetaZeros/SupremumRealPart.lean:108:8: declaration uses 'sorry'
warning: Littlewood/ZetaZeros/SupremumRealPart.lean:121:4: Try this: intro hΘ ρ hρ
warning: Littlewood/ZetaZeros/SupremumRealPart.lean:148:8: declaration uses 'sorry'
warning: Littlewood/ZetaZeros/SupremumRealPart.lean:154:8: declaration uses 'sorry'
warning: Littlewood/ZetaZeros/SupremumRealPart.lean:161:8: declaration uses 'sorry'
warning: Littlewood/ZetaZeros/SupremumRealPart.lean:173:8: declaration uses 'sorry'
warning: Littlewood/ZetaZeros/SupremumRealPart.lean:179:8: declaration uses 'sorry'
warning: Littlewood/ZetaZeros/SupremumRealPart.lean:186:8: declaration uses 'sorry'
⚠ [3292/3308] Replayed Littlewood.ExplicitFormulas.ExplicitFormulaPsi
warning: Littlewood/ExplicitFormulas/ExplicitFormulaPsi.lean:48:8: declaration uses 'sorry'
warning: Littlewood/ExplicitFormulas/ExplicitFormulaPsi.lean:55:8: declaration uses 'sorry'
warning: Littlewood/ExplicitFormulas/ExplicitFormulaPsi.lean:72:8: declaration uses 'sorry'
warning: Littlewood/ExplicitFormulas/ExplicitFormulaPsi.lean:83:8: declaration uses 'sorry'
warning: Littlewood/ExplicitFormulas/ExplicitFormulaPsi.lean:91:8: declaration uses 'sorry'
warning: Littlewood/ExplicitFormulas/ExplicitFormulaPsi.lean:104:8: declaration uses 'sorry'
warning: Littlewood/ExplicitFormulas/ExplicitFormulaPsi.lean:115:8: declaration uses 'sorry'
warning: Littlewood/ExplicitFormulas/ExplicitFormulaPsi.lean:131:8: declaration uses 'sorry'
warning: Littlewood/ExplicitFormulas/ExplicitFormulaPsi.lean:137:8: declaration uses 'sorry'
warning: Littlewood/ExplicitFormulas/ExplicitFormulaPsi.lean:142:8: declaration uses 'sorry'
⚠ [3294/3308] Replayed Littlewood.ExplicitFormulas.ConversionFormulas
warning: Littlewood/ExplicitFormulas/ConversionFormulas.lean:35:8: declaration uses 'sorry'
warning: Littlewood/ExplicitFormulas/ConversionFormulas.lean:42:8: declaration uses 'sorry'
warning: Littlewood/ExplicitFormulas/ConversionFormulas.lean:48:8: declaration uses 'sorry'
warning: Littlewood/ExplicitFormulas/ConversionFormulas.lean:54:8: declaration uses 'sorry'
warning: Littlewood/ExplicitFormulas/ConversionFormulas.lean:62:8: declaration uses 'sorry'
warning: Littlewood/ExplicitFormulas/ConversionFormulas.lean:70:8: declaration uses 'sorry'
warning: Littlewood/ExplicitFormulas/ConversionFormulas.lean:76:8: declaration uses 'sorry'
warning: Littlewood/ExplicitFormulas/ConversionFormulas.lean:83:8: declaration uses 'sorry'
warning: Littlewood/ExplicitFormulas/ConversionFormulas.lean:92:8: declaration uses 'sorry'
warning: Littlewood/ExplicitFormulas/ConversionFormulas.lean:98:8: declaration uses 'sorry'
⚠ [3295/3308] Replayed Littlewood.CoreLemmas.LandauLemma
warning: Littlewood/CoreLemmas/LandauLemma.lean:45:8: declaration uses 'sorry'
warning: Littlewood/CoreLemmas/LandauLemma.lean:67:8: declaration uses 'sorry'
warning: Littlewood/CoreLemmas/LandauLemma.lean:74:8: declaration uses 'sorry'
warning: Littlewood/CoreLemmas/LandauLemma.lean:81:8: declaration uses 'sorry'
warning: Littlewood/CoreLemmas/LandauLemma.lean:88:8: declaration uses 'sorry'
warning: Littlewood/CoreLemmas/LandauLemma.lean:96:8: declaration uses 'sorry'
warning: Littlewood/CoreLemmas/LandauLemma.lean:122:8: declaration uses 'sorry'
warning: Littlewood/CoreLemmas/LandauLemma.lean:135:8: declaration uses 'sorry'
warning: Littlewood/CoreLemmas/LandauLemma.lean:140:8: declaration uses 'sorry'
⚠ [3297/3308] Replayed Littlewood.CoreLemmas.DirichletApproximation
warning: Littlewood/CoreLemmas/DirichletApproximation.lean:52:8: declaration uses 'sorry'
warning: Littlewood/CoreLemmas/DirichletApproximation.lean:55:8: declaration uses 'sorry'
warning: Littlewood/CoreLemmas/DirichletApproximation.lean:58:8: declaration uses 'sorry'
warning: Littlewood/CoreLemmas/DirichletApproximation.lean:64:8: declaration uses 'sorry'
warning: Littlewood/CoreLemmas/DirichletApproximation.lean:77:8: declaration uses 'sorry'
warning: Littlewood/CoreLemmas/DirichletApproximation.lean:85:8: declaration uses 'sorry'
warning: Littlewood/CoreLemmas/DirichletApproximation.lean:92:8: declaration uses 'sorry'
warning: Littlewood/CoreLemmas/DirichletApproximation.lean:102:8: declaration uses 'sorry'
warning: Littlewood/CoreLemmas/DirichletApproximation.lean:144:8: declaration uses 'sorry'
warning: Littlewood/CoreLemmas/DirichletApproximation.lean:151:8: declaration uses 'sorry'
⚠ [3298/3308] Replayed Littlewood.CoreLemmas.WeightedAverageFormula
warning: Littlewood/CoreLemmas/WeightedAverageFormula.lean:40:8: declaration uses 'sorry'
warning: Littlewood/CoreLemmas/WeightedAverageFormula.lean:57:8: declaration uses 'sorry'
warning: Littlewood/CoreLemmas/WeightedAverageFormula.lean:65:8: declaration uses 'sorry'
warning: Littlewood/CoreLemmas/WeightedAverageFormula.lean:71:8: declaration uses 'sorry'
warning: Littlewood/CoreLemmas/WeightedAverageFormula.lean:78:8: declaration uses 'sorry'
warning: Littlewood/CoreLemmas/WeightedAverageFormula.lean:83:8: declaration uses 'sorry'
warning: Littlewood/CoreLemmas/WeightedAverageFormula.lean:88:8: declaration uses 'sorry'
warning: Littlewood/CoreLemmas/WeightedAverageFormula.lean:101:8: declaration uses 'sorry'
warning: Littlewood/CoreLemmas/WeightedAverageFormula.lean:108:8: declaration uses 'sorry'
warning: Littlewood/CoreLemmas/WeightedAverageFormula.lean:119:8: declaration uses 'sorry'
⚠ [3302/3308] Replayed Littlewood.Mertens.MertensFirst
warning: Littlewood/Mertens/MertensFirst.lean:289:6: declaration uses 'sorry'
⚠ [3303/3308] Replayed Littlewood.Oscillation.SchmidtTheorem
warning: Littlewood/Oscillation/SchmidtTheorem.lean:36:8: declaration uses 'sorry'
warning: Littlewood/Oscillation/SchmidtTheorem.lean:52:8: declaration uses 'sorry'
warning: Littlewood/Oscillation/SchmidtTheorem.lean:64:8: declaration uses 'sorry'
warning: Littlewood/Oscillation/SchmidtTheorem.lean:71:8: declaration uses 'sorry'
warning: Littlewood/Oscillation/SchmidtTheorem.lean:80:8: declaration uses 'sorry'
warning: Littlewood/Oscillation/SchmidtTheorem.lean:92:8: declaration uses 'sorry'
warning: Littlewood/Oscillation/SchmidtTheorem.lean:97:8: declaration uses 'sorry'
warning: Littlewood/Oscillation/SchmidtTheorem.lean:108:8: declaration uses 'sorry'
warning: Littlewood/Oscillation/SchmidtTheorem.lean:115:8: declaration uses 'sorry'
⚠ [3304/3308] Replayed Littlewood.Oscillation.SchmidtPi
warning: Littlewood/Oscillation/SchmidtPi.lean:32:8: declaration uses 'sorry'
warning: Littlewood/Oscillation/SchmidtPi.lean:39:8: declaration uses 'sorry'
⚠ [3305/3308] Replayed Littlewood.Main.LittlewoodPsi
warning: Littlewood/Main/LittlewoodPsi.lean:37:8: declaration uses 'sorry'
warning: Littlewood/Main/LittlewoodPsi.lean:44:8: declaration uses 'sorry'
warning: Littlewood/Main/LittlewoodPsi.lean:63:8: declaration uses 'sorry'
warning: Littlewood/Main/LittlewoodPsi.lean:70:8: declaration uses 'sorry'
warning: Littlewood/Main/LittlewoodPsi.lean:76:8: declaration uses 'sorry'
warning: Littlewood/Main/LittlewoodPsi.lean:86:8: declaration uses 'sorry'
warning: Littlewood/Main/LittlewoodPsi.lean:99:8: declaration uses 'sorry'
warning: Littlewood/Main/LittlewoodPsi.lean:124:8: declaration uses 'sorry'
warning: Littlewood/Main/LittlewoodPsi.lean:130:8: declaration uses 'sorry'
✖ [3306/3308] Building Littlewood.Main.LittlewoodPi (5.0s)
trace: .> LEAN_PATH=/Users/john.n.dvorak/Documents/Git/Littlewood_Proof/.lake/packages/Cli/.lake/build/lib/lean:/Users/john.n.dvorak/Documents/Git/Littlewood_Proof/.lake/packages/batteries/.lake/build/lib/lean:/Users/john.n.dvorak/Documents/Git/Littlewood_Proof/.lake/packages/Qq/.lake/build/lib/lean:/Users/john.n.dvorak/Documents/Git/Littlewood_Proof/.lake/packages/aesop/.lake/build/lib/lean:/Users/john.n.dvorak/Documents/Git/Littlewood_Proof/.lake/packages/proofwidgets/.lake/build/lib/lean:/Users/john.n.dvorak/Documents/Git/Littlewood_Proof/.lake/packages/importGraph/.lake/build/lib/lean:/Users/john.n.dvorak/Documents/Git/Littlewood_Proof/.lake/packages/LeanSearchClient/.lake/build/lib/lean:/Users/john.n.dvorak/Documents/Git/Littlewood_Proof/.lake/packages/plausible/.lake/build/lib/lean:/Users/john.n.dvorak/Documents/Git/Littlewood_Proof/.lake/packages/mathlib/.lake/build/lib/lean:/Users/john.n.dvorak/Documents/Git/Littlewood_Proof/.lake/build/lib/lean /Users/john.n.dvorak/.elan/toolchains/leanprover--lean4---v4.27.0-rc1/bin/lean /Users/john.n.dvorak/Documents/Git/Littlewood_Proof/Littlewood/Main/LittlewoodPi.lean -o /Users/john.n.dvorak/Documents/Git/Littlewood_Proof/.lake/build/lib/lean/Littlewood/Main/LittlewoodPi.olean -i /Users/john.n.dvorak/Documents/Git/Littlewood_Proof/.lake/build/lib/lean/Littlewood/Main/LittlewoodPi.ilean -c /Users/john.n.dvorak/Documents/Git/Littlewood_Proof/.lake/build/ir/Littlewood/Main/LittlewoodPi.c --setup /Users/john.n.dvorak/Documents/Git/Littlewood_Proof/.lake/build/ir/Littlewood/Main/LittlewoodPi.setup.json --json
error: Littlewood/Main/LittlewoodPi.lean:49:37: Unknown identifier `Ω`
error: Littlewood/Main/LittlewoodPi.lean:46:81: unsolved goals
case hpsi
⊢ (fun x => chebyshevPsi x - x) = sorry

hpsi : (fun x => chebyshevPsi x - x) = sorry
⊢ (fun x => ↑⌊x⌋₊.primeCounting - li x) =Ω±[fun x => √x / log x * log (log (log x))]
error: Littlewood/Main/LittlewoodPi.lean:49:38: expected token
warning: Littlewood/Main/LittlewoodPi.lean:83:8: declaration uses 'sorry'
warning: Littlewood/Main/LittlewoodPi.lean:91:8: declaration uses 'sorry'
warning: Littlewood/Main/LittlewoodPi.lean:107:8: declaration uses 'sorry'
warning: Littlewood/Main/LittlewoodPi.lean:114:8: declaration uses 'sorry'
error: Lean exited with code 1
Some required targets logged failures:
- Littlewood.Main.LittlewoodPi
error: build failed
